====================== Welcome to MVP ======================
      A Memory-efficient, Visualization-enhanced, and       
             Parallel-accelerated Tool For GWAS             
                    __  __  __   __  ___                    
                   |  \/  | \ \ / / | _ \                   
                   | |\/| |  \ V /  |  _/                   
                   |_|  |_|   \_/   |_|     Version: 1.0.6  
  Designed and Maintained by Lilin Yin, Haohao Zhang, and   
  Xiaolei Liu                                               
  Contributors: Zhenshuang Tang, Jingya Xu, Dong Yin,       
  Zhiwu Zhang, Xiaohui Yuan, Mengjin Zhu, Shuhong Zhao,     
  Xinyun Li                                                 
  Contact: xiaoleiliu@mail.hzau.edu.cn                      
============================================================
Start: 2022-11-29 23:44:42 
The log has been output to the file: /Users/jiaxuwu/BVG_7003/GWAS/rMVP/MVP.20221129_234442.log 
Input data has 768 individuals, 2359 markers 
Analyzed trait: protein 
Number of threads used: 5 
Deriving relationship matrix successfully 
Eigen Decomposition on GRM 
Deriving PCs successfully 
Number of PCs included in FarmCPU: 3 
-------------------------GWAS Start------------------------- 
FarmCPU Start... 
Current loop: 1 out of maximum of 10 
seqQTN: 
NULL 
number of covariates in current loop is: 
3 
scanning... 
Current loop: 2 out of maximum of 10 
Optimizing Pseudo QTNs... 
5e+05 10 1549.07 0.02956441 0.3980475 
5e+05 16 1549.07 0.02956441 0.3980475 
5e+06 10 1549.07 0.02956441 0.3980475 
5e+06 16 1549.07 0.02956441 0.3980475 
5e+07 10 1549.07 0.02956441 0.3980475 
5e+07 16 1549.07 0.02956441 0.3980475 
seqQTN: 
1815 2271 506 1693 80 918 
number of covariates in current loop is: 
9 
scanning... 
Current loop: 3 out of maximum of 10 
Optimizing Pseudo QTNs... 
5e+05 10 1492.117 0.005769037 0.3847159 
5e+05 16 1492.117 0.005769037 0.3847159 
5e+06 10 1492.117 0.005769037 0.3847159 
5e+06 16 1492.117 0.005769037 0.3847159 
5e+07 10 1492.117 0.005769037 0.3847159 
5e+07 16 1492.117 0.005769037 0.3847159 
seqQTN: 
1815 2271 1397 1693 677 80 918 
number of covariates in current loop is: 
10 
scanning... 
Current loop: 4 out of maximum of 10 
Optimizing Pseudo QTNs... 
5e+05 10 1496.637 0.007822629 0.386457 
5e+05 16 1496.637 0.007822629 0.386457 
5e+06 10 1496.637 0.007822629 0.386457 
5e+06 16 1496.637 0.007822629 0.386457 
5e+07 10 1496.637 0.007822629 0.386457 
5e+07 16 1496.637 0.007822629 0.386457 
seqQTN: 
1815 2271 1693 1397 80 677 918 
number of covariates in current loop is: 
10 
scanning... 
Genomic inflation factor (lambda): 2.3785 
Writing results to local file 
Significant level: 4.24e-03 
---------------------Visualization Start-------------------- 
Phenotype distribution Plotting 
PCA plot2d 
SNP_Density Plotting 
Circular_Manhattan Plotting protein.FarmCPU 
Rectangular_Manhattan Plotting protein.FarmCPU 
Q_Q Plotting protein.FarmCPU 
Results are stored at Working Directory: /Users/jiaxuwu/BVG_7003/GWAS/rMVP 
End: 2022-11-29 23:45:02 
===================== MVP ACCOMPLISHED ===================== 
